2023-02-25 18:32:15,474 [Worker-5: Loading available Gradle versions] INFO  o.e.b.c.i.u.g.PublishedGradleVersions - Gradle version information cache is up-to-date. Trying to read.
2023-02-25 19:57:55,093 [Worker-23: Launching mavenrun-d5dba338-445c-4b40-8aab-0ad768a847a6] INFO  o.eclipse.m2e.core.internal.Bundles - getClasspathEntries(Bundle=org.eclipse.m2e.maven.runtime_3.8.604.20221130-2149 [603])
2023-02-25 19:57:55,100 [Worker-23: Launching mavenrun-d5dba338-445c-4b40-8aab-0ad768a847a6] INFO  o.eclipse.m2e.core.internal.Bundles - 	Entry: C:\Users\ashut\.p2\pool\plugins\org.eclipse.m2e.maven.runtime_3.8.604.20221130-2149
2023-02-25 19:57:55,101 [Worker-23: Launching mavenrun-d5dba338-445c-4b40-8aab-0ad768a847a6] INFO  o.eclipse.m2e.core.internal.Bundles - 	Entry: C:\Users\ashut\.p2\pool\plugins\org.eclipse.m2e.maven.runtime_3.8.604.20221130-2149\jars\aether-connector-okhttp-0.17.8.jar
2023-02-25 19:57:55,104 [Worker-23: Launching mavenrun-d5dba338-445c-4b40-8aab-0ad768a847a6] INFO  o.eclipse.m2e.core.internal.Bundles - 	Entry: C:\Users\ashut\.p2\pool\plugins\org.eclipse.m2e.maven.runtime_3.8.604.20221130-2149\jars\commons-cli-1.4.jar
2023-02-25 19:57:55,104 [Worker-23: Launching mavenrun-d5dba338-445c-4b40-8aab-0ad768a847a6] INFO  o.eclipse.m2e.core.internal.Bundles - 	Entry: C:\Users\ashut\.p2\pool\plugins\org.eclipse.m2e.maven.runtime_3.8.604.20221130-2149\jars\commons-io-2.6.jar
2023-02-25 19:57:55,104 [Worker-23: Launching mavenrun-d5dba338-445c-4b40-8aab-0ad768a847a6] INFO  o.eclipse.m2e.core.internal.Bundles - 	Entry: C:\Users\ashut\.p2\pool\plugins\org.eclipse.m2e.maven.runtime_3.8.604.20221130-2149\jars\commons-lang3-3.8.1.jar
2023-02-25 19:57:55,105 [Worker-23: Launching mavenrun-d5dba338-445c-4b40-8aab-0ad768a847a6] INFO  o.eclipse.m2e.core.internal.Bundles - 	Entry: C:\Users\ashut\.p2\pool\plugins\org.eclipse.m2e.maven.runtime_3.8.604.20221130-2149\jars\guice-4.2.2-no_aop.jar
2023-02-25 19:57:55,105 [Worker-23: Launching mavenrun-d5dba338-445c-4b40-8aab-0ad768a847a6] INFO  o.eclipse.m2e.core.internal.Bundles - 	Entry: C:\Users\ashut\.p2\pool\plugins\org.eclipse.m2e.maven.runtime_3.8.604.20221130-2149\jars\jansi-2.4.0.jar
2023-02-25 19:57:55,106 [Worker-23: Launching mavenrun-d5dba338-445c-4b40-8aab-0ad768a847a6] INFO  o.eclipse.m2e.core.internal.Bundles - 	Entry: C:\Users\ashut\.p2\pool\plugins\org.eclipse.m2e.maven.runtime_3.8.604.20221130-2149\jars\maven-artifact-3.8.6.jar
2023-02-25 19:57:55,106 [Worker-23: Launching mavenrun-d5dba338-445c-4b40-8aab-0ad768a847a6] INFO  o.eclipse.m2e.core.internal.Bundles - 	Entry: C:\Users\ashut\.p2\pool\plugins\org.eclipse.m2e.maven.runtime_3.8.604.20221130-2149\jars\maven-builder-support-3.8.6.jar
2023-02-25 19:57:55,107 [Worker-23: Launching mavenrun-d5dba338-445c-4b40-8aab-0ad768a847a6] INFO  o.eclipse.m2e.core.internal.Bundles - 	Entry: C:\Users\ashut\.p2\pool\plugins\org.eclipse.m2e.maven.runtime_3.8.604.20221130-2149\jars\maven-compat-3.8.6.jar
2023-02-25 19:57:55,107 [Worker-23: Launching mavenrun-d5dba338-445c-4b40-8aab-0ad768a847a6] INFO  o.eclipse.m2e.core.internal.Bundles - 	Entry: C:\Users\ashut\.p2\pool\plugins\org.eclipse.m2e.maven.runtime_3.8.604.20221130-2149\jars\maven-core-3.8.6.jar
2023-02-25 19:57:55,108 [Worker-23: Launching mavenrun-d5dba338-445c-4b40-8aab-0ad768a847a6] INFO  o.eclipse.m2e.core.internal.Bundles - 	Entry: C:\Users\ashut\.p2\pool\plugins\org.eclipse.m2e.maven.runtime_3.8.604.20221130-2149\jars\maven-embedder-3.8.6.jar
2023-02-25 19:57:55,108 [Worker-23: Launching mavenrun-d5dba338-445c-4b40-8aab-0ad768a847a6] INFO  o.eclipse.m2e.core.internal.Bundles - 	Entry: C:\Users\ashut\.p2\pool\plugins\org.eclipse.m2e.maven.runtime_3.8.604.20221130-2149\jars\maven-model-3.8.6.jar
2023-02-25 19:57:55,108 [Worker-23: Launching mavenrun-d5dba338-445c-4b40-8aab-0ad768a847a6] INFO  o.eclipse.m2e.core.internal.Bundles - 	Entry: C:\Users\ashut\.p2\pool\plugins\org.eclipse.m2e.maven.runtime_3.8.604.20221130-2149\jars\maven-model-builder-3.8.6.jar
2023-02-25 19:57:55,109 [Worker-23: Launching mavenrun-d5dba338-445c-4b40-8aab-0ad768a847a6] INFO  o.eclipse.m2e.core.internal.Bundles - 	Entry: C:\Users\ashut\.p2\pool\plugins\org.eclipse.m2e.maven.runtime_3.8.604.20221130-2149\jars\maven-plugin-api-3.8.6.jar
2023-02-25 19:57:55,110 [Worker-23: Launching mavenrun-d5dba338-445c-4b40-8aab-0ad768a847a6] INFO  o.eclipse.m2e.core.internal.Bundles - 	Entry: C:\Users\ashut\.p2\pool\plugins\org.eclipse.m2e.maven.runtime_3.8.604.20221130-2149\jars\maven-repository-metadata-3.8.6.jar
2023-02-25 19:57:55,110 [Worker-23: Launching mavenrun-d5dba338-445c-4b40-8aab-0ad768a847a6] INFO  o.eclipse.m2e.core.internal.Bundles - 	Entry: C:\Users\ashut\.p2\pool\plugins\org.eclipse.m2e.maven.runtime_3.8.604.20221130-2149\jars\maven-resolver-api-1.6.3.jar
2023-02-25 19:57:55,111 [Worker-23: Launching mavenrun-d5dba338-445c-4b40-8aab-0ad768a847a6] INFO  o.eclipse.m2e.core.internal.Bundles - 	Entry: C:\Users\ashut\.p2\pool\plugins\org.eclipse.m2e.maven.runtime_3.8.604.20221130-2149\jars\maven-resolver-connector-basic-1.6.3.jar
2023-02-25 19:57:55,111 [Worker-23: Launching mavenrun-d5dba338-445c-4b40-8aab-0ad768a847a6] INFO  o.eclipse.m2e.core.internal.Bundles - 	Entry: C:\Users\ashut\.p2\pool\plugins\org.eclipse.m2e.maven.runtime_3.8.604.20221130-2149\jars\maven-resolver-impl-1.6.3.jar
2023-02-25 19:57:55,112 [Worker-23: Launching mavenrun-d5dba338-445c-4b40-8aab-0ad768a847a6] INFO  o.eclipse.m2e.core.internal.Bundles - 	Entry: C:\Users\ashut\.p2\pool\plugins\org.eclipse.m2e.maven.runtime_3.8.604.20221130-2149\jars\maven-resolver-provider-3.8.6.jar
2023-02-25 19:57:55,112 [Worker-23: Launching mavenrun-d5dba338-445c-4b40-8aab-0ad768a847a6] INFO  o.eclipse.m2e.core.internal.Bundles - 	Entry: C:\Users\ashut\.p2\pool\plugins\org.eclipse.m2e.maven.runtime_3.8.604.20221130-2149\jars\maven-resolver-spi-1.6.3.jar
2023-02-25 19:57:55,113 [Worker-23: Launching mavenrun-d5dba338-445c-4b40-8aab-0ad768a847a6] INFO  o.eclipse.m2e.core.internal.Bundles - 	Entry: C:\Users\ashut\.p2\pool\plugins\org.eclipse.m2e.maven.runtime_3.8.604.20221130-2149\jars\maven-resolver-transport-wagon-1.6.3.jar
2023-02-25 19:57:55,113 [Worker-23: Launching mavenrun-d5dba338-445c-4b40-8aab-0ad768a847a6] INFO  o.eclipse.m2e.core.internal.Bundles - 	Entry: C:\Users\ashut\.p2\pool\plugins\org.eclipse.m2e.maven.runtime_3.8.604.20221130-2149\jars\maven-resolver-util-1.6.3.jar
2023-02-25 19:57:55,114 [Worker-23: Launching mavenrun-d5dba338-445c-4b40-8aab-0ad768a847a6] INFO  o.eclipse.m2e.core.internal.Bundles - 	Entry: C:\Users\ashut\.p2\pool\plugins\org.eclipse.m2e.maven.runtime_3.8.604.20221130-2149\jars\maven-settings-3.8.6.jar
2023-02-25 19:57:55,115 [Worker-23: Launching mavenrun-d5dba338-445c-4b40-8aab-0ad768a847a6] INFO  o.eclipse.m2e.core.internal.Bundles - 	Entry: C:\Users\ashut\.p2\pool\plugins\org.eclipse.m2e.maven.runtime_3.8.604.20221130-2149\jars\maven-settings-builder-3.8.6.jar
2023-02-25 19:57:55,115 [Worker-23: Launching mavenrun-d5dba338-445c-4b40-8aab-0ad768a847a6] INFO  o.eclipse.m2e.core.internal.Bundles - 	Entry: C:\Users\ashut\.p2\pool\plugins\org.eclipse.m2e.maven.runtime_3.8.604.20221130-2149\jars\maven-shared-utils-3.3.4.jar
2023-02-25 19:57:55,115 [Worker-23: Launching mavenrun-d5dba338-445c-4b40-8aab-0ad768a847a6] INFO  o.eclipse.m2e.core.internal.Bundles - 	Entry: C:\Users\ashut\.p2\pool\plugins\org.eclipse.m2e.maven.runtime_3.8.604.20221130-2149\jars\okhttp-3.14.1.jar
2023-02-25 19:57:55,116 [Worker-23: Launching mavenrun-d5dba338-445c-4b40-8aab-0ad768a847a6] INFO  o.eclipse.m2e.core.internal.Bundles - 	Entry: C:\Users\ashut\.p2\pool\plugins\org.eclipse.m2e.maven.runtime_3.8.604.20221130-2149\jars\okio-1.17.3.jar
2023-02-25 19:57:55,116 [Worker-23: Launching mavenrun-d5dba338-445c-4b40-8aab-0ad768a847a6] INFO  o.eclipse.m2e.core.internal.Bundles - 	Entry: C:\Users\ashut\.p2\pool\plugins\org.eclipse.m2e.maven.runtime_3.8.604.20221130-2149\jars\org.eclipse.sisu.inject-0.3.5.jar
2023-02-25 19:57:55,117 [Worker-23: Launching mavenrun-d5dba338-445c-4b40-8aab-0ad768a847a6] INFO  o.eclipse.m2e.core.internal.Bundles - 	Entry: C:\Users\ashut\.p2\pool\plugins\org.eclipse.m2e.maven.runtime_3.8.604.20221130-2149\jars\org.eclipse.sisu.plexus-0.3.5.jar
2023-02-25 19:57:55,118 [Worker-23: Launching mavenrun-d5dba338-445c-4b40-8aab-0ad768a847a6] INFO  o.eclipse.m2e.core.internal.Bundles - 	Entry: C:\Users\ashut\.p2\pool\plugins\org.eclipse.m2e.maven.runtime_3.8.604.20221130-2149\jars\plexus-build-api-0.0.7.jar
2023-02-25 19:57:55,118 [Worker-23: Launching mavenrun-d5dba338-445c-4b40-8aab-0ad768a847a6] INFO  o.eclipse.m2e.core.internal.Bundles - 	Entry: C:\Users\ashut\.p2\pool\plugins\org.eclipse.m2e.maven.runtime_3.8.604.20221130-2149\jars\plexus-cipher-2.0.jar
2023-02-25 19:57:55,119 [Worker-23: Launching mavenrun-d5dba338-445c-4b40-8aab-0ad768a847a6] INFO  o.eclipse.m2e.core.internal.Bundles - 	Entry: C:\Users\ashut\.p2\pool\plugins\org.eclipse.m2e.maven.runtime_3.8.604.20221130-2149\jars\plexus-classworlds-2.6.0.jar
2023-02-25 19:57:55,119 [Worker-23: Launching mavenrun-d5dba338-445c-4b40-8aab-0ad768a847a6] INFO  o.eclipse.m2e.core.internal.Bundles - 	Entry: C:\Users\ashut\.p2\pool\plugins\org.eclipse.m2e.maven.runtime_3.8.604.20221130-2149\jars\plexus-component-annotations-2.1.0.jar
2023-02-25 19:57:55,120 [Worker-23: Launching mavenrun-d5dba338-445c-4b40-8aab-0ad768a847a6] INFO  o.eclipse.m2e.core.internal.Bundles - 	Entry: C:\Users\ashut\.p2\pool\plugins\org.eclipse.m2e.maven.runtime_3.8.604.20221130-2149\jars\plexus-interpolation-1.26.jar
2023-02-25 19:57:55,120 [Worker-23: Launching mavenrun-d5dba338-445c-4b40-8aab-0ad768a847a6] INFO  o.eclipse.m2e.core.internal.Bundles - 	Entry: C:\Users\ashut\.p2\pool\plugins\org.eclipse.m2e.maven.runtime_3.8.604.20221130-2149\jars\plexus-sec-dispatcher-2.0.jar
2023-02-25 19:57:55,120 [Worker-23: Launching mavenrun-d5dba338-445c-4b40-8aab-0ad768a847a6] INFO  o.eclipse.m2e.core.internal.Bundles - 	Entry: C:\Users\ashut\.p2\pool\plugins\org.eclipse.m2e.maven.runtime_3.8.604.20221130-2149\jars\plexus-utils-3.3.1.jar
2023-02-25 19:57:55,121 [Worker-23: Launching mavenrun-d5dba338-445c-4b40-8aab-0ad768a847a6] INFO  o.eclipse.m2e.core.internal.Bundles - 	Entry: C:\Users\ashut\.p2\pool\plugins\org.eclipse.m2e.maven.runtime_3.8.604.20221130-2149\jars\wagon-file-3.5.1.jar
2023-02-25 19:57:55,121 [Worker-23: Launching mavenrun-d5dba338-445c-4b40-8aab-0ad768a847a6] INFO  o.eclipse.m2e.core.internal.Bundles - 	Entry: C:\Users\ashut\.p2\pool\plugins\org.eclipse.m2e.maven.runtime_3.8.604.20221130-2149\jars\wagon-provider-api-3.5.1.jar
2023-02-25 19:57:55,123 [Worker-23: Launching mavenrun-d5dba338-445c-4b40-8aab-0ad768a847a6] INFO  o.eclipse.m2e.core.internal.Bundles - getClasspathEntries(Bundle=com.google.guava_30.1.0.v20221112-0806 [10])
2023-02-25 19:57:55,127 [Worker-23: Launching mavenrun-d5dba338-445c-4b40-8aab-0ad768a847a6] INFO  o.eclipse.m2e.core.internal.Bundles - 	Entry: C:\Users\ashut\.p2\pool\plugins\com.google.guava_30.1.0.v20221112-0806.jar
2023-02-25 19:57:55,127 [Worker-23: Launching mavenrun-d5dba338-445c-4b40-8aab-0ad768a847a6] INFO  o.eclipse.m2e.core.internal.Bundles - getClasspathEntries(Bundle=slf4j.api_1.7.36 [915])
2023-02-25 19:57:55,128 [Worker-23: Launching mavenrun-d5dba338-445c-4b40-8aab-0ad768a847a6] INFO  o.eclipse.m2e.core.internal.Bundles - 	Entry: C:\Users\ashut\.p2\pool\plugins\slf4j.api_1.7.36.jar
2023-02-25 19:57:55,128 [Worker-23: Launching mavenrun-d5dba338-445c-4b40-8aab-0ad768a847a6] INFO  o.eclipse.m2e.core.internal.Bundles - getClasspathEntries(Bundle=javax.inject_1.0.0.v20220405-0441 [32])
2023-02-25 19:57:55,130 [Worker-23: Launching mavenrun-d5dba338-445c-4b40-8aab-0ad768a847a6] INFO  o.eclipse.m2e.core.internal.Bundles - 	Entry: C:\Users\ashut\.p2\pool\plugins\javax.inject_1.0.0.v20220405-0441.jar
2023-02-25 19:57:55,130 [Worker-23: Launching mavenrun-d5dba338-445c-4b40-8aab-0ad768a847a6] INFO  o.eclipse.m2e.core.internal.Bundles - getClasspathEntries(Bundle=javax.annotation_1.3.5.v20221112-0806 [30])
2023-02-25 19:57:55,132 [Worker-23: Launching mavenrun-d5dba338-445c-4b40-8aab-0ad768a847a6] INFO  o.eclipse.m2e.core.internal.Bundles - 	Entry: C:\Users\ashut\.p2\pool\plugins\javax.annotation_1.3.5.v20221112-0806.jar
2023-02-25 19:57:55,137 [Worker-23: Launching mavenrun-d5dba338-445c-4b40-8aab-0ad768a847a6] INFO  o.e.m.i.launch.MavenLaunchDelegate - Run build in "C:\Users\ashut\AppData\Local\Temp\m2e-archetypeGenerator3451139487782309199":
2023-02-25 19:57:55,145 [Worker-23: Launching mavenrun-d5dba338-445c-4b40-8aab-0ad768a847a6] INFO  o.e.m.i.launch.MavenLaunchDelegate -  mvn  -DarchetypeGroupId=org.apache.maven.archetypes -DarchetypeArtifactId=maven-archetype-quickstart -DarchetypeVersion=1.1 -DgroupId=com.aop -DartifactId=aopconcept -Dversion=0.0.1-SNAPSHOT -Dpackage=com.aop -DoutputDirectory=F:\JavaPrograms\File1\Durgesh -Dstyle.color=always -U archetype:generate
2023-02-25 20:36:23,274 [Worker-2: Loading available Gradle versions] INFO  o.e.b.c.i.u.g.PublishedGradleVersions - Gradle version information cache is up-to-date. Trying to read.
2024-09-23 16:53:52,242 [Worker-2: Loading available Gradle versions] INFO  o.e.b.c.i.u.g.PublishedGradleVersions - Gradle version information cache is up-to-date. Trying to read.
2024-09-23 16:55:15,802 [Worker-1: Loading available Gradle versions] INFO  o.e.b.c.i.u.g.PublishedGradleVersions - Gradle version information cache is up-to-date. Trying to read.
2024-09-23 17:11:07,874 [Worker-0: Loading available Gradle versions] INFO  o.e.b.c.i.u.g.PublishedGradleVersions - Gradle version information cache is up-to-date. Trying to read.
